<?xml version="1.0" encoding="UTF-8"?>
<!-- Generated by org.testng.reporters.JUnitReportReporter -->
<testsuite skipped="0" hostname="Acer-Aspire5" name="com.cts.MethodLevelExecution" tests="5" failures="0" timestamp="2021-11-09T10:11:42 IST" time="0.041" errors="0">
  <testcase name="test4" time="0.008" classname="com.cts.MethodLevelExecution"/>
  <system-out/>
  <testcase name="test1" time="0.008" classname="com.cts.MethodLevelExecution"/>
  <system-out/>
  <testcase name="test5" time="0.008" classname="com.cts.MethodLevelExecution"/>
  <system-out/>
  <testcase name="test3" time="0.008" classname="com.cts.MethodLevelExecution"/>
  <system-out/>
  <testcase name="test2" time="0.009" classname="com.cts.MethodLevelExecution"/>
  <system-out/>
</testsuite> <!-- com.cts.MethodLevelExecution -->
