<?xml version="1.0" encoding="UTF-8"?>
<!-- Generated by org.testng.reporters.JUnitReportReporter -->
<testsuite skipped="0" hostname="Acer-Aspire5" name="com.cts.ClassLevelExeution1" tests="3" failures="0" timestamp="2021-11-09T14:11:52 IST" time="0.008" errors="0">
  <testcase name="test1" time="0.006" classname="com.cts.ClassLevelExeution1"/>
  <system-out/>
  <testcase name="test2" time="0.001" classname="com.cts.ClassLevelExeution1"/>
  <system-out/>
  <testcase name="test3" time="0.001" classname="com.cts.ClassLevelExeution1"/>
  <system-out/>
</testsuite> <!-- com.cts.ClassLevelExeution1 -->
