<?xml version="1.0" encoding="UTF-8"?>
<!-- Generated by org.testng.reporters.JUnitReportReporter -->
<testsuite skipped="0" hostname="Acer-Aspire5" name="com.cts.Grouping2" tests="1" failures="0" timestamp="2021-11-09T15:37:34 IST" time="0.001" errors="0">
  <testcase name="test12" time="0.001" classname="com.cts.Grouping2"/>
  <system-out/>
</testsuite> <!-- com.cts.Grouping2 -->
