<?xml version="1.0" encoding="UTF-8"?>
<!-- Generated by org.testng.reporters.JUnitReportReporter -->
<testsuite skipped="0" hostname="Acer-Aspire5" name="com.cts.CrossBrowserTesting" tests="2" failures="0" timestamp="2021-11-09T15:06:18 IST" time="23.508" errors="0">
  <testcase name="test" time="14.328" classname="com.cts.CrossBrowserTesting"/>
  <system-out/>
  <testcase name="test" time="9.180" classname="com.cts.CrossBrowserTesting"/>
  <system-out/>
</testsuite> <!-- com.cts.CrossBrowserTesting -->
