<?xml version="1.0" encoding="UTF-8"?>
<!-- Generated by org.testng.reporters.JUnitReportReporter -->
<testsuite skipped="0" hostname="Acer-Aspire5" name="com.cts.ClassLevelExecution2" tests="9" failures="0" timestamp="2021-11-09T14:15:57 IST" time="0.015" errors="0">
  <testcase name="test11" time="0.007" classname="com.cts.ClassLevelExecution2"/>
  <system-out/>
  <testcase name="test13" time="0.001" classname="com.cts.ClassLevelExecution2"/>
  <system-out/>
  <testcase name="test11" time="0.001" classname="com.cts.ClassLevelExecution2"/>
  <system-out/>
  <testcase name="test11" time="0.001" classname="com.cts.ClassLevelExecution2"/>
  <system-out/>
  <testcase name="test13" time="0.001" classname="com.cts.ClassLevelExecution2"/>
  <system-out/>
  <testcase name="test13" time="0.001" classname="com.cts.ClassLevelExecution2"/>
  <system-out/>
  <testcase name="test12" time="0.001" classname="com.cts.ClassLevelExecution2"/>
  <system-out/>
  <testcase name="test12" time="0.001" classname="com.cts.ClassLevelExecution2"/>
  <system-out/>
  <testcase name="test12" time="0.001" classname="com.cts.ClassLevelExecution2"/>
  <system-out/>
</testsuite> <!-- com.cts.ClassLevelExecution2 -->
