<?xml version="1.0" encoding="UTF-8"?>
<!-- Generated by org.testng.reporters.JUnitReportReporter -->
<testsuite skipped="0" hostname="Acer-Aspire5" name="com.cts.SampleTestNg2" tests="1" failures="0" timestamp="2021-11-06T19:41:54 IST" time="11.229" errors="0">
  <testcase name="test11" time="11.229" classname="com.cts.SampleTestNg2"/>
  <system-out/>
</testsuite> <!-- com.cts.SampleTestNg2 -->
