<?xml version="1.0" encoding="UTF-8"?>
<!-- Generated by org.testng.reporters.JUnitReportReporter -->
<testsuite skipped="0" hostname="Acer-Aspire5" name="com.cts.Grouping1" tests="2" failures="0" timestamp="2021-11-09T15:37:34 IST" time="0.007" errors="0">
  <testcase name="test2" time="0.001" classname="com.cts.Grouping1"/>
  <system-out/>
  <testcase name="test1" time="0.006" classname="com.cts.Grouping1"/>
  <system-out/>
</testsuite> <!-- com.cts.Grouping1 -->
