<?xml version="1.0" encoding="UTF-8"?>
<!-- Generated by org.testng.reporters.JUnitReportReporter -->
<testsuite skipped="0" hostname="Acer-Aspire5" name="com.cts.TestLevelExceution" tests="9" failures="0" timestamp="2021-11-09T14:18:32 IST" time="0.029" errors="0">
  <testcase name="test2" time="0.002" classname="com.cts.TestLevelExceution"/>
  <system-out/>
  <testcase name="test1" time="0.007" classname="com.cts.TestLevelExceution"/>
  <system-out/>
  <testcase name="test2" time="0.001" classname="com.cts.TestLevelExceution"/>
  <system-out/>
  <testcase name="test1" time="0.007" classname="com.cts.TestLevelExceution"/>
  <system-out/>
  <testcase name="test3" time="0.001" classname="com.cts.TestLevelExceution"/>
  <system-out/>
  <testcase name="test1" time="0.007" classname="com.cts.TestLevelExceution"/>
  <system-out/>
  <testcase name="test3" time="0.001" classname="com.cts.TestLevelExceution"/>
  <system-out/>
  <testcase name="test3" time="0.001" classname="com.cts.TestLevelExceution"/>
  <system-out/>
  <testcase name="test2" time="0.002" classname="com.cts.TestLevelExceution"/>
  <system-out/>
</testsuite> <!-- com.cts.TestLevelExceution -->
