<?xml version="1.0" encoding="UTF-8"?>
<!-- Generated by org.testng.reporters.JUnitReportReporter -->
<testsuite skipped="0" hostname="Acer-Aspire5" name="com.cts.DataProvider2" tests="3" failures="0" timestamp="2021-11-07T16:57:16 IST" time="0.007" errors="0">
  <testcase name="test2" time="0.001" classname="com.cts.DataProvider2"/>
  <system-out/>
  <testcase name="test2" time="0.001" classname="com.cts.DataProvider2"/>
  <system-out/>
  <testcase name="test2" time="0.005" classname="com.cts.DataProvider2"/>
  <system-out/>
</testsuite> <!-- com.cts.DataProvider2 -->
